<?xml version="1.0" encoding="UTF-8"?>
<!-- Generated by org.testng.reporters.JUnitReportReporter -->
<testsuite hostname="ROHIT" name="tests.facebooklogin" tests="1" failures="0" timestamp="3 Feb 2018 10:50:58 GMT" time="110.494" errors="0">
  <testcase name="usercanpost_status" time="110.494" classname="tests.facebooklogin"/>
</testsuite> <!-- tests.facebooklogin -->
